Starting Redis
Could not connect to Redis at 127.0.0.1:6379: Connection refused
./scripts/redis.sh: line 46: [-start: command not found
./scripts/redis.sh: line 51: [-start: command not found
6204:M 20 Jul 20:41:57.486 * Increased maximum number of open files to 10032 (it was originally set to 1024).
                _._                                                  
           _.-``__ ''-._                                             
      _.-``    `.  `_.  ''-._           Redis 3.0.6 (00000000/0) 64 bit
  .-`` .-```.  ```\/    _.,_ ''-._                                   
 (    '      ,       .-`  | `,    )     Running in standalone mode
 |`-._`-...-` __...-.``-._|'` _.-'|     Port: 4545
 |    `-._   `._    /     _.-'    |     PID: 6204
  `-._    `-._  `-./  _.-'    _.-'                                   
 |`-._`-._    `-.__.-'    _.-'_.-'|                                  
 |    `-._`-._        _.-'_.-'    |           http://redis.io        
  `-._    `-._`-.__.-'_.-'    _.-'                                   
 |`-._`-._    `-.__.-'    _.-'_.-'|                                  
 |    `-._`-._        _.-'_.-'    |                                  
  `-._    `-._`-.__.-'_.-'    _.-'                                   
      `-._    `-.__.-'    _.-'                                       
          `-._        _.-'                                           
              `-.__.-'                                               

6204:M 20 Jul 20:41:57.599 # WARNING: The TCP backlog setting of 511 cannot be enforced because /proc/sys/net/core/somaxconn is set to the lower value of 128.
6204:M 20 Jul 20:41:57.599 # Server started, Redis version 3.0.6
6204:M 20 Jul 20:41:57.599 # WARNING you have Transparent Huge Pages (THP) support enabled in your kernel. This will create latency and memory usage issues with Redis. To fix this issue run the command 'echo never > /sys/kernel/mm/transparent_hugepage/enabled' as root, and add it to your /etc/rc.local in order to retain the setting after a reboot. Redis must be restarted after THP is disabled.
6204:M 20 Jul 20:41:57.630 * DB loaded from disk: 0.031 seconds
6204:M 20 Jul 20:41:57.630 * The server is now ready to accept connections on port 4545
